16/05/13 21:53:45 WARN SparkConf: 
SPARK_WORKER_INSTANCES was detected (set to '1').
This is deprecated in Spark 1.0+.

Please instead use:
 - ./spark-submit with --num-executors to specify the number of executors
 - Or set SPARK_EXECUTOR_INSTANCES
 - spark.executor.instances to configure the number of instances in the spark config.
        
16/05/13 21:53:47 WARN NativeCodeLoader: Unable to load native-hadoop library for your platform... using builtin-java classes where applicable
16/05/13 21:53:47 WARN LoadSnappy: Snappy native library not loaded
Size of entire training dataset: 112435                                         
Size of entire cross-validation set: 37516                                      
MLP Architecture: 332,150,2
[Iteration] [Training Set Size] [Train Error Rate] [Cross-validation Error Rate]
16/05/13 21:54:04 WARN BLAS: Failed to load implementation from: com.github.fommil.netlib.NativeSystemBLAS
16/05/13 21:54:04 WARN BLAS: Failed to load implementation from: com.github.fommil.netlib.NativeRefBLAS
0 217 0.08294930875576037 0.10451540675978249                                   
1 411 0.09975669099756691 0.10526175498453993                                   
2 872 0.0963302752293578 0.09113444930163131                                    
3 1721 0.1011040092969204 0.09521270924405587                                   
4 3502 0.08909194745859508 0.09140100223904467                                  
16/05/13 21:56:28 ERROR StrongWolfeLineSearch: Encountered bad values in function evaluation. Decreasing step size to 0.5
16/05/13 21:56:29 ERROR StrongWolfeLineSearch: Encountered bad values in function evaluation. Decreasing step size to 0.25
16/05/13 21:56:29 ERROR StrongWolfeLineSearch: Encountered bad values in function evaluation. Decreasing step size to 0.125
16/05/13 21:56:29 ERROR StrongWolfeLineSearch: Encountered bad values in function evaluation. Decreasing step size to 0.0625
16/05/13 21:56:29 ERROR StrongWolfeLineSearch: Encountered bad values in function evaluation. Decreasing step size to 0.03125
16/05/13 21:56:30 ERROR StrongWolfeLineSearch: Encountered bad values in function evaluation. Decreasing step size to 0.015625
16/05/13 21:56:30 ERROR StrongWolfeLineSearch: Encountered bad values in function evaluation. Decreasing step size to 0.017578125
16/05/13 21:56:34 ERROR LBFGS: Failure! Resetting history: breeze.optimize.FirstOrderException: Line search zoom failed
5 7119 0.08217446270543616 0.08785584817144684                                  
6 14123 0.084118105218438 0.08929523403347905                                   
7 27969 0.08352104115270478 0.08900202580232434                                 
8 56184 0.08671507902605724 0.0880424352276362                                  
9 112435 0.0879708275892738 0.08801577993389487